<?xml version="1.0" encoding="UTF-8"?>
<!-- Generated by org.testng.reporters.JUnitReportReporter -->
<testsuite hostname="DESKTOP-5TNR0T0" failures="0" tests="1" name="tests.LoginTest" time="60.428" errors="0" timestamp="2022-11-19T19:42:08 IST" skipped="0">
  <testcase classname="tests.LoginTest" name="login" time="60.428"/>
  <system-out/>
</testsuite> <!-- tests.LoginTest -->
