<?xml version="1.0" encoding="UTF-8"?>
<!-- Generated by org.testng.reporters.JUnitReportReporter -->
<testsuite hostname="DESKTOP-5TNR0T0" failures="0" tests="2" name="tests.HomeTest" time="56.298" errors="0" timestamp="2022-11-24T12:01:19 IST" skipped="0">
  <testcase classname="tests.HomeTest" name="NavigateToConsultations" time="15.321"/>
  <system-out/>
  <testcase classname="tests.HomeTest" name="NavigateToAppointments" time="40.977"/>
  <system-out/>
</testsuite> <!-- tests.HomeTest -->
